Determining if the pthread_create exist failed with the following output:
Change Dir: /home/turtlebot/catkin_ws/build/CMakeFiles/CMakeTmp

Run Build Command:"/usr/bin/make" "cmTC_190cc/fast"
/usr/bin/make -f CMakeFiles/cmTC_190cc.dir/build.make CMakeFiles/cmTC_190cc.dir/build
make[1]: Entering directory '/home/turtlebot/catkin_ws/build/CMakeFiles/CMakeTmp'
Building C object CMakeFiles/cmTC_190cc.dir/CheckSymbolExists.c.o
/usr/bin/cc     -o CMakeFiles/cmTC_190cc.dir/CheckSymbolExists.c.o   -c /home/turtlebot/catkin_ws/build/CMakeFiles/CMakeTmp/CheckSymbolExists.c
Linking C executable cmTC_190cc
/usr/bin/cmake -E cmake_link_script CMakeFiles/cmTC_190cc.dir/link.txt --verbose=1
/usr/bin/cc       CMakeFiles/cmTC_190cc.dir/CheckSymbolExists.c.o  -o cmTC_190cc -rdynamic 
CMakeFiles/cmTC_190cc.dir/CheckSymbolExists.c.o: In function `main':
CheckSymbolExists.c:(.text+0x16): undefined reference to `pthread_create'
collect2: error: ld returned 1 exit status
CMakeFiles/cmTC_190cc.dir/build.make:97: recipe for target 'cmTC_190cc' failed
make[1]: *** [cmTC_190cc] Error 1
make[1]: Leaving directory '/home/turtlebot/catkin_ws/build/CMakeFiles/CMakeTmp'
Makefile:126: recipe for target 'cmTC_190cc/fast' failed
make: *** [cmTC_190cc/fast] Error 2

File /home/turtlebot/catkin_ws/build/CMakeFiles/CMakeTmp/CheckSymbolExists.c:
/* */
#include <pthread.h>

int main(int argc, char** argv)
{
  (void)argv;
#ifndef pthread_create
  return ((int*)(&pthread_create))[argc];
#else
  (void)argc;
  return 0;
#endif
}

Determining if the function pthread_create exists in the pthreads failed with the following output:
Change Dir: /home/turtlebot/catkin_ws/build/CMakeFiles/CMakeTmp

Run Build Command:"/usr/bin/make" "cmTC_c0ac0/fast"
/usr/bin/make -f CMakeFiles/cmTC_c0ac0.dir/build.make CMakeFiles/cmTC_c0ac0.dir/build
make[1]: Entering directory '/home/turtlebot/catkin_ws/build/CMakeFiles/CMakeTmp'
Building C object CMakeFiles/cmTC_c0ac0.dir/CheckFunctionExists.c.o
/usr/bin/cc    -DCHECK_FUNCTION_EXISTS=pthread_create   -o CMakeFiles/cmTC_c0ac0.dir/CheckFunctionExists.c.o   -c /usr/share/cmake-3.5/Modules/CheckFunctionExists.c
Linking C executable cmTC_c0ac0
/usr/bin/cmake -E cmake_link_script CMakeFiles/cmTC_c0ac0.dir/link.txt --verbose=1
/usr/bin/cc   -DCHECK_FUNCTION_EXISTS=pthread_create    CMakeFiles/cmTC_c0ac0.dir/CheckFunctionExists.c.o  -o cmTC_c0ac0 -rdynamic -lpthreads 
/usr/bin/ld: cannot find -lpthreads
collect2: error: ld returned 1 exit status
CMakeFiles/cmTC_c0ac0.dir/build.make:97: recipe for target 'cmTC_c0ac0' failed
make[1]: *** [cmTC_c0ac0] Error 1
make[1]: Leaving directory '/home/turtlebot/catkin_ws/build/CMakeFiles/CMakeTmp'
Makefile:126: recipe for target 'cmTC_c0ac0/fast' failed
make: *** [cmTC_c0ac0/fast] Error 2


